<?xml version="1.0" encoding="UTF-8"?>
<testsuite xmlns:xsi="http://www.w3.org/2001/XMLSchema-instance" xsi:noNamespaceSchemaLocation="https://maven.apache.org/surefire/maven-surefire-plugin/xsd/surefire-test-report.xsd" version="3.0.2" name="com.example.moviesapi.MoviesApiApplicationTests" time="2.349" tests="1" errors="0" skipped="0" failures="0">
  <properties>
[...]
</properties>
  <testcase name="contextLoads" classname="com.example.moviesapi.MoviesApiApplicationTests" time="0.609">
    <system-out><![CDATA[17:22:51.741 [main] INFO org.springframework.test.context.support.AnnotationConfigContextLoaderUtils -- Could not detect default configuration classes for test class [com.example.moviesapi.MoviesApiApplicationTests]: MoviesApiApplicationTests does not declare any static, non-private, non-final, nested classes annotated with @Configuration.
17:22:51.863 [main] INFO org.springframework.boot.test.context.SpringBootTestContextBootstrapper -- Found @SpringBootConfiguration com.example.moviesapi.MoviesApiApplication for test class com.example.moviesapi.MoviesApiApplicationTests
17:22:52.012 [main] INFO org.springframework.boot.devtools.restart.RestartApplicationListener -- Restart disabled due to context in which it is running

  .   ____          _            __ _ _
 /\\ / ___'_ __ _ _(_)_ __  __ _ \ \ \ \
( ( )\___ | '_ | '_| | '_ \/ _` | \ \ \ \
 \\/  ___)| |_)| | | | | || (_| |  ) ) ) )
  '  |____| .__|_| |_|_| |_\__, | / / / /
 =========|_|==============|___/=/_/_/_/

 :: Spring Boot ::                (v3.4.0)

2024-12-02T17:22:52.281+03:00  INFO 14644 --- [MoviesApi] [           main] c.e.moviesapi.MoviesApiApplicationTests  : Starting MoviesApiApplicationTests using Java 21.0.5 with PID 14644 (started by 111 in C:\Users\111\Desktop\moviesapi)
2024-12-02T17:22:52.282+03:00  INFO 14644 --- [MoviesApi] [           main] c.e.moviesapi.MoviesApiApplicationTests  : No active profile set, falling back to 1 default profile: "default"
2024-12-02T17:22:52.308+03:00 DEBUG 14644 --- [MoviesApi] [           main] o.s.w.c.s.GenericWebApplicationContext   : Refreshing org.springframework.web.context.support.GenericWebApplicationContext@71652c98
2024-12-02T17:22:53.102+03:00 DEBUG 14644 --- [MoviesApi] [           main] s.w.s.m.m.a.RequestMappingHandlerMapping : 4 mappings in 'requestMappingHandlerMapping'
2024-12-02T17:22:53.193+03:00 DEBUG 14644 --- [MoviesApi] [           main] o.s.w.s.handler.SimpleUrlHandlerMapping  : Patterns [/webjars/**, /**] in 'resourceHandlerMapping'
2024-12-02T17:22:53.216+03:00 DEBUG 14644 --- [MoviesApi] [           main] s.w.s.m.m.a.RequestMappingHandlerAdapter : ControllerAdvice beans: 0 @ModelAttribute, 0 @InitBinder, 1 RequestBodyAdvice, 1 ResponseBodyAdvice
2024-12-02T17:22:53.255+03:00 DEBUG 14644 --- [MoviesApi] [           main] .m.m.a.ExceptionHandlerExceptionResolver : ControllerAdvice beans: 0 @ExceptionHandler, 1 ResponseBodyAdvice
2024-12-02T17:22:53.314+03:00  INFO 14644 --- [MoviesApi] [           main] c.e.moviesapi.MoviesApiApplicationTests  : Started MoviesApiApplicationTests in 1.315 seconds (process running for 2.177)
]]></system-out>
    <system-err><![CDATA[Mockito is currently self-attaching to enable the inline-mock-maker. This will no longer work in future releases of the JDK. Please add Mockito as an agent to your build what is described in Mockito's documentation: https://javadoc.io/doc/org.mockito/mockito-core/latest/org/mockito/Mockito.html#0.3
WARNING: A Java agent has been loaded dynamically (C:\Users\111\.m2\repository\net\bytebuddy\byte-buddy-agent\1.15.10\byte-buddy-agent-1.15.10.jar)
WARNING: If a serviceability tool is in use, please run with -XX:+EnableDynamicAgentLoading to hide this warning
WARNING: If a serviceability tool is not in use, please run with -Djdk.instrument.traceUsage for more information
WARNING: Dynamic loading of agents will be disallowed by default in a future release
]]></system-err>
  </testcase>
</testsuite>